{
  "RSpec": {
    "coverage": {
      "/Users/190133.alam/goodnight-app/app/controllers/api/v1/follows_controller.rb": {
        "lines": [
          1,
          null,
          1,
          3,
          3,
          3,
          3,
          null,
          3,
          null,
          null,
          null,
          0,
          null,
          null,
          null,
          null,
          null,
          1,
          4,
          4,
          4,
          4,
          2,
          null,
          2,
          null,
          null,
          null,
          null,
          null,
          1,
          4,
          4,
          4,
          2,
          null,
          2,
          null,
          null,
          null,
          null,
          1,
          4,
          4,
          4,
          2,
          null,
          2,
          null,
          null,
          null,
          1,
          null,
          1,
          4,
          null,
          null
        ]
      },
      "/Users/190133.alam/goodnight-app/app/controllers/api/v1/base_controller.rb": {
        "lines": [
          1,
          null,
          1,
          null,
          null,
          1,
          38,
          38,
          0,
          null,
          38,
          26,
          26,
          null,
          null,
          null
        ]
      },
      "/Users/190133.alam/goodnight-app/app/controllers/api/base_controller.rb": {
        "lines": [
          1,
          1,
          null,
          1,
          1,
          1,
          null,
          1,
          null,
          1,
          0,
          null,
          null,
          null,
          null,
          null,
          1,
          0,
          null,
          null,
          null,
          null,
          null,
          null,
          1,
          0,
          null,
          null,
          null,
          null,
          null,
          1,
          2,
          2,
          2,
          null,
          null,
          1,
          30,
          30,
          30,
          null,
          null
        ]
      },
      "/Users/190133.alam/goodnight-app/app/controllers/application_controller.rb": {
        "lines": [
          1,
          null,
          1,
          null
        ]
      },
      "/Users/190133.alam/goodnight-app/app/controllers/api/v1/sleep_records_controller.rb": {
        "lines": [
          1,
          null,
          1,
          7,
          7,
          7,
          null,
          null,
          null,
          null,
          null,
          null,
          7,
          null,
          5,
          null,
          null,
          null,
          2,
          null,
          null,
          null,
          null,
          null,
          1,
          3,
          3,
          3,
          3,
          1,
          null,
          2,
          null,
          null,
          null,
          null,
          null,
          1,
          4,
          4,
          4,
          2,
          2,
          null,
          2,
          null,
          null,
          null,
          1,
          3,
          3,
          3,
          2,
          2,
          null,
          1,
          null,
          null,
          null,
          1,
          4,
          4,
          4,
          4,
          2,
          null,
          2,
          null,
          null,
          null,
          null,
          null,
          1,
          4,
          4,
          4,
          null,
          null,
          null,
          null,
          null,
          null,
          4,
          null,
          4,
          null,
          null,
          null,
          0,
          null,
          null,
          null,
          null,
          null,
          1,
          4,
          4,
          4,
          2,
          null,
          2,
          null,
          null,
          null
        ]
      },
      "/Users/190133.alam/goodnight-app/app/controllers/api/v1/users_controller.rb": {
        "lines": [
          1,
          null,
          1,
          3,
          3,
          3,
          3,
          null,
          3,
          null,
          null,
          null,
          0,
          null,
          null,
          null,
          null,
          null,
          1,
          4,
          4,
          4,
          4,
          2,
          null,
          null,
          null,
          null,
          null,
          2,
          null,
          null,
          null,
          null,
          null,
          1,
          4,
          4,
          4,
          2,
          null,
          2,
          null,
          null,
          null,
          null,
          1,
          6,
          6,
          6,
          3,
          null,
          3,
          null,
          null,
          null,
          null,
          1,
          4,
          4,
          4,
          2,
          null,
          2,
          null,
          null,
          null,
          null,
          1,
          3,
          3,
          3,
          2,
          null,
          1,
          null,
          null,
          null,
          null,
          1,
          3,
          3,
          3,
          2,
          null,
          1,
          null,
          null,
          null,
          null,
          1,
          3,
          3,
          3,
          3,
          null,
          2,
          null,
          null,
          null,
          1,
          null,
          null,
          null,
          null,
          null,
          1,
          3,
          3,
          3,
          3,
          null,
          2,
          null,
          null,
          null,
          1,
          null,
          null,
          null,
          null,
          1,
          null,
          1,
          10,
          null,
          null
        ]
      },
      "/Users/190133.alam/goodnight-app/app/models/follow.rb": {
        "lines": [
          1,
          1,
          null,
          1,
          1,
          null
        ]
      },
      "/Users/190133.alam/goodnight-app/app/models/application_record.rb": {
        "lines": [
          1,
          1,
          null
        ]
      },
      "/Users/190133.alam/goodnight-app/app/models/concerns/follow_methods.rb": {
        "lines": [
          1,
          1,
          null,
          1,
          1,
          1,
          null,
          null,
          1,
          null,
          1,
          78,
          6,
          null,
          null,
          null
        ]
      },
      "/Users/190133.alam/goodnight-app/app/models/sleep_record.rb": {
        "lines": [
          1,
          1,
          null,
          1,
          null
        ]
      },
      "/Users/190133.alam/goodnight-app/app/models/concerns/sleep_record_methods.rb": {
        "lines": [
          1,
          1,
          null,
          1,
          1,
          1,
          null,
          6,
          49,
          null,
          null,
          1,
          29,
          20,
          null,
          null,
          1,
          33,
          null,
          null,
          1,
          null,
          1,
          95,
          null,
          47,
          2,
          null,
          null,
          null
        ]
      },
      "/Users/190133.alam/goodnight-app/app/models/user.rb": {
        "lines": [
          1,
          1,
          null,
          1,
          null,
          null,
          1,
          1,
          null,
          1,
          1,
          null
        ]
      },
      "/Users/190133.alam/goodnight-app/app/models/concerns/user_methods.rb": {
        "lines": [
          1,
          1,
          null,
          1,
          1,
          null,
          null,
          null,
          1,
          35,
          33,
          null,
          null,
          1,
          4,
          null,
          null,
          1,
          40,
          null,
          null,
          null,
          1,
          21,
          18,
          null,
          null,
          1,
          10,
          10,
          7,
          null,
          null,
          1,
          9,
          null,
          null,
          null,
          null,
          null,
          null,
          1,
          null,
          1,
          46,
          null,
          null
        ]
      },
      "/Users/190133.alam/goodnight-app/app/serializers/follow_serializer.rb": {
        "lines": [
          1,
          1,
          null,
          1,
          1,
          null
        ]
      },
      "/Users/190133.alam/goodnight-app/app/serializers/user_serializer.rb": {
        "lines": [
          1,
          1,
          null,
          1,
          1,
          null,
          1,
          74,
          null,
          null,
          1,
          74,
          null,
          null,
          1,
          84,
          null,
          null,
          1,
          84,
          null,
          null
        ]
      },
      "/Users/190133.alam/goodnight-app/app/serializers/sleep_record_serializer.rb": {
        "lines": [
          1,
          1,
          null,
          1,
          null,
          1,
          26,
          null,
          null,
          1,
          26,
          null,
          null
        ]
      },
      "/Users/190133.alam/goodnight-app/app/services/base_service.rb": {
        "lines": [
          1,
          1,
          1,
          null,
          1,
          1,
          null,
          null,
          1,
          1,
          null,
          null,
          1,
          null,
          1,
          1,
          null,
          null,
          1,
          1,
          null,
          null,
          null,
          1,
          1,
          null,
          1,
          136,
          136,
          136,
          136,
          136,
          null,
          null,
          1,
          104,
          null,
          null,
          1,
          29,
          null,
          null
        ]
      },
      "/Users/190133.alam/goodnight-app/app/services/follow_service.rb": {
        "lines": [
          1,
          1,
          1,
          5,
          5,
          5,
          null,
          5,
          null,
          5,
          null,
          null,
          null,
          null,
          null,
          null,
          null,
          null,
          null,
          null,
          null,
          null,
          null,
          1,
          6,
          3,
          null,
          3,
          null,
          null,
          1,
          7,
          null,
          7,
          3,
          null,
          4,
          null,
          null,
          null,
          1,
          6,
          3,
          null,
          3,
          null,
          3,
          null,
          null,
          null
        ]
      },
      "/Users/190133.alam/goodnight-app/app/services/sleep_record_service.rb": {
        "lines": [
          1,
          1,
          1,
          9,
          7,
          null,
          7,
          2,
          5,
          0,
          5,
          0,
          null,
          null,
          7,
          7,
          null,
          7,
          null,
          null,
          null,
          null,
          null,
          null,
          null,
          null,
          null,
          null,
          null,
          null,
          2,
          null,
          null,
          1,
          6,
          5,
          null,
          2,
          null,
          4,
          null,
          null,
          1,
          9,
          null,
          8,
          6,
          6,
          null,
          2,
          null,
          null,
          1,
          null,
          null,
          1,
          6,
          null,
          5,
          null,
          3,
          3,
          null,
          2,
          null,
          null,
          1,
          null,
          null,
          1,
          7,
          6,
          null,
          6,
          3,
          null,
          3,
          null,
          null,
          1,
          null,
          null,
          1,
          7,
          6,
          6,
          null,
          6,
          null,
          6,
          2,
          4,
          0,
          4,
          0,
          null,
          null,
          6,
          null,
          6,
          null,
          null,
          null,
          null,
          null,
          null,
          null,
          null,
          null,
          null,
          null,
          null,
          1,
          null,
          null,
          1,
          6,
          5,
          2,
          null,
          2,
          null,
          4,
          null,
          null,
          null
        ]
      },
      "/Users/190133.alam/goodnight-app/app/services/user_service.rb": {
        "lines": [
          1,
          1,
          1,
          5,
          5,
          5,
          null,
          5,
          null,
          5,
          null,
          null,
          null,
          null,
          null,
          null,
          null,
          null,
          null,
          null,
          null,
          null,
          null,
          1,
          6,
          3,
          null,
          3,
          null,
          null,
          1,
          6,
          null,
          6,
          3,
          null,
          3,
          null,
          null,
          null,
          1,
          9,
          null,
          8,
          4,
          null,
          4,
          null,
          null,
          1,
          null,
          null,
          1,
          6,
          3,
          3,
          null,
          3,
          null,
          null,
          1,
          6,
          4,
          null,
          4,
          3,
          null,
          1,
          null,
          null,
          2,
          null,
          null,
          1,
          5,
          3,
          null,
          3,
          3,
          null,
          0,
          null,
          null,
          2,
          null,
          null,
          1,
          5,
          3,
          3,
          null,
          3,
          null,
          3,
          null,
          null,
          null,
          null,
          null,
          null,
          null,
          null,
          null,
          null,
          null,
          null,
          2,
          null,
          null,
          1,
          5,
          3,
          3,
          null,
          3,
          null,
          3,
          null,
          null,
          null,
          null,
          null,
          null,
          null,
          null,
          null,
          null,
          null,
          null,
          2,
          null,
          null,
          null
        ]
      },
      "/Users/190133.alam/goodnight-app/app/helpers/application_helper.rb": {
        "lines": [
          0,
          0
        ],
        "branches": {}
      },
      "/Users/190133.alam/goodnight-app/app/jobs/application_job.rb": {
        "lines": [
          0,
          null,
          null,
          null,
          null,
          null,
          0
        ],
        "branches": {}
      },
      "/Users/190133.alam/goodnight-app/app/mailers/application_mailer.rb": {
        "lines": [
          0,
          0,
          0,
          0
        ],
        "branches": {}
      }
    },
    "timestamp": 1758793471
  }
}
